
Circuit 1 cell sky130_fd_pr__nfet_01v8 and Circuit 2 cell sky130_fd_pr__nfet_01v8 are black boxes.
Equate elements:  no current cell.
Device classes sky130_fd_pr__nfet_01v8 and sky130_fd_pr__nfet_01v8 are equivalent.

Circuit 1 cell sky130_fd_pr__pfet_01v8 and Circuit 2 cell sky130_fd_pr__pfet_01v8 are black boxes.
Equate elements:  no current cell.
Device classes sky130_fd_pr__pfet_01v8 and sky130_fd_pr__pfet_01v8 are equivalent.

Subcircuit summary:
Circuit 1: and                             |Circuit 2: AND                             
-------------------------------------------|-------------------------------------------
sky130_fd_pr__nfet_01v8 (3)                |sky130_fd_pr__nfet_01v8 (3)                
sky130_fd_pr__pfet_01v8 (3)                |sky130_fd_pr__pfet_01v8 (3)                
Number of devices: 6                       |Number of devices: 6                       
Number of nets: 7                          |Number of nets: 7                          
---------------------------------------------------------------------------------------
Netlists match uniquely.

Subcircuit pins:
Circuit 1: and                             |Circuit 2: AND                             
-------------------------------------------|-------------------------------------------
VP                                         |VP                                         
A                                          |B **Mismatch**                             
B                                          |A **Mismatch**                             
X                                          |X                                          
VN                                         |VN                                         
---------------------------------------------------------------------------------------
Cell pin lists for and and AND altered to match.
Device classes and and AND are equivalent.

Subcircuit summary:
Circuit 1: or                              |Circuit 2: OR                              
-------------------------------------------|-------------------------------------------
sky130_fd_pr__nfet_01v8 (3)                |sky130_fd_pr__nfet_01v8 (3)                
sky130_fd_pr__pfet_01v8 (3)                |sky130_fd_pr__pfet_01v8 (3)                
Number of devices: 6                       |Number of devices: 6                       
Number of nets: 7                          |Number of nets: 7                          
---------------------------------------------------------------------------------------
Netlists match uniquely.

Subcircuit pins:
Circuit 1: or                              |Circuit 2: OR                              
-------------------------------------------|-------------------------------------------
VP                                         |VP                                         
A                                          |A                                          
B                                          |B                                          
X                                          |X                                          
VN                                         |VN                                         
---------------------------------------------------------------------------------------
Cell pin lists are equivalent.
Device classes or and OR are equivalent.

Flattening instances of or in cell shifter_magic.spice (0) makes a better match
Flattening instances of OR in cell shifter_xschem.spice (1) makes a better match
Making another compare attempt.

Subcircuit summary:
Circuit 1: shifter_magic.spice             |Circuit 2: shifter_xschem.spice            
-------------------------------------------|-------------------------------------------
and (14)                                   |AND (14)                                   
sky130_fd_pr__nfet_01v8 (18)               |sky130_fd_pr__nfet_01v8 (18)               
sky130_fd_pr__pfet_01v8 (18)               |sky130_fd_pr__pfet_01v8 (18)               
Number of devices: 50                      |Number of devices: 50                      
Number of nets: 44                         |Number of nets: 44                         
---------------------------------------------------------------------------------------
Netlists match uniquely.
Cells have no pins;  pin matching not needed.
Device classes shifter_magic.spice and shifter_xschem.spice are equivalent.

Final result: Circuits match uniquely.
.
