
Circuit 1 cell sky130_fd_pr__nfet_01v8 and Circuit 2 cell sky130_fd_pr__nfet_01v8 are black boxes.
Equate elements:  no current cell.
Device classes sky130_fd_pr__nfet_01v8 and sky130_fd_pr__nfet_01v8 are equivalent.

Circuit 1 cell sky130_fd_pr__pfet_01v8 and Circuit 2 cell sky130_fd_pr__pfet_01v8 are black boxes.
Equate elements:  no current cell.
Device classes sky130_fd_pr__pfet_01v8 and sky130_fd_pr__pfet_01v8 are equivalent.

Subcircuit summary:
Circuit 1: or                              |Circuit 2: OR                              
-------------------------------------------|-------------------------------------------
sky130_fd_pr__nfet_01v8 (3)                |sky130_fd_pr__nfet_01v8 (3)                
sky130_fd_pr__pfet_01v8 (3)                |sky130_fd_pr__pfet_01v8 (3)                
Number of devices: 6                       |Number of devices: 6                       
Number of nets: 7                          |Number of nets: 7                          
---------------------------------------------------------------------------------------
Netlists match uniquely.

Subcircuit pins:
Circuit 1: or                              |Circuit 2: OR                              
-------------------------------------------|-------------------------------------------
VP                                         |VP                                         
A                                          |A                                          
B                                          |B                                          
X                                          |X                                          
VN                                         |VN                                         
---------------------------------------------------------------------------------------
Cell pin lists are equivalent.
Device classes or and OR are equivalent.

Subcircuit summary:
Circuit 1: invertor                        |Circuit 2: invertor                        
-------------------------------------------|-------------------------------------------
sky130_fd_pr__nfet_01v8 (1)                |sky130_fd_pr__nfet_01v8 (1)                
sky130_fd_pr__pfet_01v8 (1)                |sky130_fd_pr__pfet_01v8 (1)                
Number of devices: 2                       |Number of devices: 2                       
Number of nets: 4                          |Number of nets: 4                          
---------------------------------------------------------------------------------------
Netlists match uniquely.

Subcircuit pins:
Circuit 1: invertor                        |Circuit 2: invertor                        
-------------------------------------------|-------------------------------------------
Y                                          |Y                                          
A                                          |A                                          
VN                                         |VN                                         
VP                                         |VP                                         
---------------------------------------------------------------------------------------
Cell pin lists are equivalent.
Device classes invertor and invertor are equivalent.

Subcircuit summary:
Circuit 1: and                             |Circuit 2: AND                             
-------------------------------------------|-------------------------------------------
sky130_fd_pr__nfet_01v8 (3)                |sky130_fd_pr__nfet_01v8 (3)                
sky130_fd_pr__pfet_01v8 (3)                |sky130_fd_pr__pfet_01v8 (3)                
Number of devices: 6                       |Number of devices: 6                       
Number of nets: 7                          |Number of nets: 7                          
---------------------------------------------------------------------------------------
Netlists match uniquely.

Subcircuit pins:
Circuit 1: and                             |Circuit 2: AND                             
-------------------------------------------|-------------------------------------------
VP                                         |VP                                         
A                                          |B **Mismatch**                             
B                                          |A **Mismatch**                             
X                                          |X                                          
VN                                         |VN                                         
---------------------------------------------------------------------------------------
Cell pin lists for and and AND altered to match.
Device classes and and AND are equivalent.

Subcircuit summary:
Circuit 1: xor_magic.spice                 |Circuit 2: xor_xschem.spice                
-------------------------------------------|-------------------------------------------
or (1)                                     |OR (1)                                     
invertor (2)                               |invertor (2)                               
and (2)                                    |AND (2)                                    
Number of devices: 5                       |Number of devices: 5                       
Number of nets: 9                          |Number of nets: 9                          
---------------------------------------------------------------------------------------
Netlists match uniquely.
Cells have no pins;  pin matching not needed.
Device classes xor_magic.spice and xor_xschem.spice are equivalent.

Final result: Circuits match uniquely.
.
